{"numFailedTestSuites":0,"numFailedTests":0,"numPassedTestSuites":1,"numPassedTests":1,"numPendingTestSuites":0,"numPendingTests":0,"numRuntimeErrorTestSuites":0,"numTodoTests":0,"numTotalTestSuites":1,"numTotalTests":1,"openHandles":[],"snapshot":{"added":0,"didUpdate":false,"failure":false,"filesAdded":0,"filesRemoved":0,"filesRemovedList":[],"filesUnmatched":0,"filesUpdated":0,"matched":0,"total":0,"unchecked":0,"uncheckedKeysByFile":[],"unmatched":0,"updated":0},"startTime":1585311780211,"success":true,"testResults":[{"assertionResults":[{"ancestorTitles":["<List/> component"],"failureMessages":[],"fullName":"<List/> component should render basic component","location":null,"status":"passed","title":"should render basic component"}],"endTime":1585311782502,"message":"","name":"/Users/stephenyoung/Documents/stephenyoung/stephenyoung_app/src/public/components/List/List.test.js","startTime":1585311780716,"status":"passed","summary":""}],"wasInterrupted":false,"coverageMap":{}}